#
# There is insufficient memory for the Java Runtime Environment to continue.
# Native memory allocation (malloc) failed to allocate 32744 bytes for ChunkPool::allocate
# Possible reasons:
#   The system is out of physical RAM or swap space
#   The process is running with CompressedOops enabled, and the Java Heap may be blocking the growth of the native heap
# Possible solutions:
#   Reduce memory load on the system
#   Increase physical memory or swap space
#   Check if swap backing store is full
#   Decrease Java heap size (-Xmx/-Xms)
#   Decrease number of Java threads
#   Decrease Java thread stack sizes (-Xss)
#   Set larger code cache with -XX:ReservedCodeCacheSize=
#   JVM is running with Unscaled Compressed Oops mode in which the Java heap is
#     placed in the first 4GB address space. The Java Heap base address is the
#     maximum limit for the native heap growth. Please use -XX:HeapBaseMinAddress
#     to set the Java Heap base and to place the Java Heap above 4GB virtual address.
# This output file may be truncated or incomplete.
#
#  Out of Memory Error (allocation.cpp:272), pid=23820, tid=0x0000000000000b20
#
# JRE version: OpenJDK Runtime Environment (8.0_242-b01) (build 1.8.0_242-release-1644-b01)
# Java VM: OpenJDK 64-Bit Server VM (25.242-b01 mixed mode windows-amd64 compressed oops)
# Failed to write core dump. Minidumps are not enabled by default on client versions of Windows
#

---------------  T H R E A D  ---------------

Current thread (0x000000001a099800):  JavaThread "C2 CompilerThread1" daemon [_thread_in_native, id=2848, stack(0x000000001a990000,0x000000001aa90000)]

Stack: [0x000000001a990000,0x000000001aa90000]
[error occurred during error reporting (printing stack bounds), id 0xc0000005]

Native frames: (J=compiled Java code, j=interpreted, Vv=VM code, C=native code)


Current CompileTask:
C2:  16103 12375       4       org.jetbrains.kotlin.kapt3.stubs.ClassFileToSourceStubConverter::checkIfValidTypeName (443 bytes)


---------------  P R O C E S S  ---------------

Java Threads: ( => current thread )
  0x000000001a134000 JavaThread "Service Thread" daemon [_thread_blocked, id=28228, stack(0x000000001ac90000,0x000000001ad90000)]
  0x000000001a09f000 JavaThread "C1 CompilerThread3" daemon [_thread_blocked, id=29856, stack(0x000000001ab90000,0x000000001ac90000)]
  0x000000001a09a800 JavaThread "C2 CompilerThread2" daemon [_thread_in_native, id=28000, stack(0x000000001aa90000,0x000000001ab90000)]
=>0x000000001a099800 JavaThread "C2 CompilerThread1" daemon [_thread_in_native, id=2848, stack(0x000000001a990000,0x000000001aa90000)]
  0x000000001a08d800 JavaThread "C2 CompilerThread0" daemon [_thread_in_native, id=3432, stack(0x000000001a890000,0x000000001a990000)]
  0x000000001a08d000 JavaThread "Attach Listener" daemon [_thread_blocked, id=14792, stack(0x000000001a790000,0x000000001a890000)]
  0x000000001a08c000 JavaThread "Signal Dispatcher" daemon [_thread_blocked, id=21528, stack(0x000000001a690000,0x000000001a790000)]
  0x000000001a021800 JavaThread "Finalizer" daemon [_thread_blocked, id=25228, stack(0x000000001a500000,0x000000001a600000)]
  0x0000000003268800 JavaThread "Reference Handler" daemon [_thread_blocked, id=34460, stack(0x000000001a400000,0x000000001a500000)]
  0x0000000003172800 JavaThread "main" [_thread_in_Java, id=24708, stack(0x0000000003070000,0x0000000003170000)]

Other Threads:
  0x0000000018228000 VMThread [stack: 0x0000000019f00000,0x000000001a000000] [id=15624]
  0x000000001a135000 WatcherThread [stack: 0x000000001ad90000,0x000000001ae90000] [id=27708]

VM state:not at safepoint (normal execution)

VM Mutex/Monitor currently owned by a thread:  ([mutex/lock_event])
[0x0000000002cfc8f0] CodeCache_lock - owner thread: 0x0000000000000000

heap address: 0x0000000081400000, size: 2028 MB, Compressed Oops mode: 32-bit
Narrow klass base: 0x0000000000000000, Narrow klass shift: 3
Compressed class space size: 1073741824 Address: 0x0000000100000000

Heap:
 PSYoungGen      total 143360K, used 32923K [0x00000000d5c00000, 0x00000000e1c00000, 0x0000000100000000)
  eden space 104448K, 17% used [0x00000000d5c00000,0x00000000d6e1bfc0,0x00000000dc200000)
  from space 38912K, 36% used [0x00000000dc200000,0x00000000dd00afc8,0x00000000de800000)
  to   space 37376K, 0% used [0x00000000df780000,0x00000000df780000,0x00000000e1c00000)
 ParOldGen       total 120320K, used 66194K [0x0000000081400000, 0x0000000088980000, 0x00000000d5c00000)
  object space 120320K, 55% used [0x0000000081400000,0x00000000854a49f8,0x0000000088980000)
 Metaspace       used 66588K, capacity 67725K, committed 67928K, reserved 1110016K
  class space    used 7734K, capacity 8026K, committed 8064K, reserved 1048576K

Card table byte_map: [0x0000000012630000,0x0000000012a30000] byte_map_base: 0x0000000012226000

Marking Bits: (ParMarkBitMap*) 0x0000000065f0f030
 Begin Bits: [0x00000000134e0000, 0x0000000015490000)
 End Bits:   [0x0000000015490000, 0x0000000017440000)

Polling page: 0x0000000002c70000

CodeCache: size=245760Kb used=47353Kb max_used=47892Kb free=198406Kb
 bounds [0x0000000003270000, 0x0000000006190000, 0x0000000012270000]
 total_blobs=11170 nmethods=10638 adapters=443
 compilation: enabled

Compilation events (10 events):
Event: 16.088 Thread 0x000000001a09f000 nmethod 12482 0x000000000560a910 code [0x000000000560aaa0, 0x000000000560ad28]
Event: 16.088 Thread 0x000000001a09f000 12476       2       org.jetbrains.kotlin.kapt3.stubs.SignatureParserVisitor::visitTypeArgument (46 bytes)
Event: 16.089 Thread 0x000000001a09f000 nmethod 12476 0x0000000003a78250 code [0x0000000003a78420, 0x0000000003a78a88]
Event: 16.089 Thread 0x000000001a09f000 12477       2       org.jetbrains.org.objectweb.asm.signature.SignatureVisitor::visitTypeArgument (2 bytes)
Event: 16.089 Thread 0x000000001a09f000 nmethod 12477 0x0000000003a77f10 code [0x0000000003a78060, 0x0000000003a781b0]
Event: 16.089 Thread 0x000000001a09f000 12483       2       org.jetbrains.kotlin.com.intellij.psi.impl.PsiCachedValue::isDependencyOutOfDate (25 bytes)
Event: 16.090 Thread 0x000000001a09f000 nmethod 12483 0x0000000003a77a50 code [0x0000000003a77bc0, 0x0000000003a77d98]
Event: 16.090 Thread 0x000000001a09f000 12484       2       org.jetbrains.kotlin.resolve.lazy.ResolveSessionUtils::findClassByRelativePath (103 bytes)
Event: 16.091 Thread 0x000000001a09f000 nmethod 12484 0x00000000042a5810 code [0x00000000042a5a00, 0x00000000042a5f08]
Event: 16.092 Thread 0x000000001a09f000 12485       2       org.jetbrains.kotlin.resolve.constants.evaluate.ConstantExpressionEvaluatorVisitor::evaluateCall (767 bytes)

GC Heap History (10 events):
Event: 10.302 GC heap before
{Heap before GC invocations=12 (full 2):
 PSYoungGen      total 102912K, used 102904K [0x00000000d5c00000, 0x00000000df680000, 0x0000000100000000)
  eden space 79872K, 100% used [0x00000000d5c00000,0x00000000daa00000,0x00000000daa00000)
  from space 23040K, 99% used [0x00000000daa00000,0x00000000dc07e358,0x00000000dc080000)
  to   space 31232K, 0% used [0x00000000dd800000,0x00000000dd800000,0x00000000df680000)
 ParOldGen       total 120320K, used 35550K [0x0000000081400000, 0x0000000088980000, 0x00000000d5c00000)
  object space 120320K, 29% used [0x0000000081400000,0x00000000836b7bf0,0x0000000088980000)
 Metaspace       used 55493K, capacity 56547K, committed 56920K, reserved 1099776K
  class space    used 6724K, capacity 6999K, committed 7040K, reserved 1048576K
Event: 10.334 GC heap after
Heap after GC invocations=12 (full 2):
 PSYoungGen      total 120320K, used 31222K [0x00000000d5c00000, 0x00000000e0480000, 0x0000000100000000)
  eden space 89088K, 0% used [0x00000000d5c00000,0x00000000d5c00000,0x00000000db300000)
  from space 31232K, 99% used [0x00000000dd800000,0x00000000df67d848,0x00000000df680000)
  to   space 37888K, 0% used [0x00000000db300000,0x00000000db300000,0x00000000dd800000)
 ParOldGen       total 120320K, used 42315K [0x0000000081400000, 0x0000000088980000, 0x00000000d5c00000)
  object space 120320K, 35% used [0x0000000081400000,0x0000000083d52ec0,0x0000000088980000)
 Metaspace       used 55493K, capacity 56547K, committed 56920K, reserved 1099776K
  class space    used 6724K, capacity 6999K, committed 7040K, reserved 1048576K
}
Event: 11.852 GC heap before
{Heap before GC invocations=13 (full 2):
 PSYoungGen      total 120320K, used 98858K [0x00000000d5c00000, 0x00000000e0480000, 0x0000000100000000)
  eden space 89088K, 75% used [0x00000000d5c00000,0x00000000d9e0cfc8,0x00000000db300000)
  from space 31232K, 99% used [0x00000000dd800000,0x00000000df67d848,0x00000000df680000)
  to   space 37888K, 0% used [0x00000000db300000,0x00000000db300000,0x00000000dd800000)
 ParOldGen       total 120320K, used 42315K [0x0000000081400000, 0x0000000088980000, 0x00000000d5c00000)
  object space 120320K, 35% used [0x0000000081400000,0x0000000083d52ec0,0x0000000088980000)
 Metaspace       used 57571K, capacity 58641K, committed 58968K, reserved 1101824K
  class space    used 6900K, capacity 7190K, committed 7296K, reserved 1048576K
Event: 11.880 GC heap after
Heap after GC invocations=13 (full 2):
 PSYoungGen      total 126976K, used 27389K [0x00000000d5c00000, 0x00000000e1380000, 0x0000000100000000)
  eden space 89088K, 0% used [0x00000000d5c00000,0x00000000d5c00000,0x00000000db300000)
  from space 37888K, 72% used [0x00000000db300000,0x00000000dcdbf638,0x00000000dd800000)
  to   space 39424K, 0% used [0x00000000ded00000,0x00000000ded00000,0x00000000e1380000)
 ParOldGen       total 120320K, used 56623K [0x0000000081400000, 0x0000000088980000, 0x00000000d5c00000)
  object space 120320K, 47% used [0x0000000081400000,0x0000000084b4bcc0,0x0000000088980000)
 Metaspace       used 57571K, capacity 58641K, committed 58968K, reserved 1101824K
  class space    used 6900K, capacity 7190K, committed 7296K, reserved 1048576K
}
Event: 11.880 GC heap before
{Heap before GC invocations=14 (full 3):
 PSYoungGen      total 126976K, used 27389K [0x00000000d5c00000, 0x00000000e1380000, 0x0000000100000000)
  eden space 89088K, 0% used [0x00000000d5c00000,0x00000000d5c00000,0x00000000db300000)
  from space 37888K, 72% used [0x00000000db300000,0x00000000dcdbf638,0x00000000dd800000)
  to   space 39424K, 0% used [0x00000000ded00000,0x00000000ded00000,0x00000000e1380000)
 ParOldGen       total 120320K, used 56623K [0x0000000081400000, 0x0000000088980000, 0x00000000d5c00000)
  object space 120320K, 47% used [0x0000000081400000,0x0000000084b4bcc0,0x0000000088980000)
 Metaspace       used 57571K, capacity 58641K, committed 58968K, reserved 1101824K
  class space    used 6900K, capacity 7190K, committed 7296K, reserved 1048576K
Event: 12.265 GC heap after
Heap after GC invocations=14 (full 3):
 PSYoungGen      total 126976K, used 0K [0x00000000d5c00000, 0x00000000e1380000, 0x0000000100000000)
  eden space 89088K, 0% used [0x00000000d5c00000,0x00000000d5c00000,0x00000000db300000)
  from space 37888K, 0% used [0x00000000db300000,0x00000000db300000,0x00000000dd800000)
  to   space 39424K, 0% used [0x00000000ded00000,0x00000000ded00000,0x00000000e1380000)
 ParOldGen       total 120320K, used 66178K [0x0000000081400000, 0x0000000088980000, 0x00000000d5c00000)
  object space 120320K, 55% used [0x0000000081400000,0x00000000854a09f8,0x0000000088980000)
 Metaspace       used 57571K, capacity 58641K, committed 58968K, reserved 1101824K
  class space    used 6900K, capacity 7190K, committed 7296K, reserved 1048576K
}
Event: 14.026 GC heap before
{Heap before GC invocations=15 (full 3):
 PSYoungGen      total 126976K, used 89088K [0x00000000d5c00000, 0x00000000e1380000, 0x0000000100000000)
  eden space 89088K, 100% used [0x00000000d5c00000,0x00000000db300000,0x00000000db300000)
  from space 37888K, 0% used [0x00000000db300000,0x00000000db300000,0x00000000dd800000)
  to   space 39424K, 0% used [0x00000000ded00000,0x00000000ded00000,0x00000000e1380000)
 ParOldGen       total 120320K, used 66178K [0x0000000081400000, 0x0000000088980000, 0x00000000d5c00000)
  object space 120320K, 55% used [0x0000000081400000,0x00000000854a09f8,0x0000000088980000)
 Metaspace       used 61733K, capacity 62941K, committed 63320K, reserved 1105920K
  class space    used 7216K, capacity 7508K, committed 7552K, reserved 1048576K
Event: 14.037 GC heap after
Heap after GC invocations=15 (full 3):
 PSYoungGen      total 138240K, used 11714K [0x00000000d5c00000, 0x00000000e0e00000, 0x0000000100000000)
  eden space 104448K, 0% used [0x00000000d5c00000,0x00000000d5c00000,0x00000000dc200000)
  from space 33792K, 34% used [0x00000000ded00000,0x00000000df870b90,0x00000000e0e00000)
  to   space 38912K, 0% used [0x00000000dc200000,0x00000000dc200000,0x00000000de800000)
 ParOldGen       total 120320K, used 66186K [0x0000000081400000, 0x0000000088980000, 0x00000000d5c00000)
  object space 120320K, 55% used [0x0000000081400000,0x00000000854a29f8,0x0000000088980000)
 Metaspace       used 61733K, capacity 62941K, committed 63320K, reserved 1105920K
  class space    used 7216K, capacity 7508K, committed 7552K, reserved 1048576K
}
Event: 15.830 GC heap before
{Heap before GC invocations=16 (full 3):
 PSYoungGen      total 138240K, used 116162K [0x00000000d5c00000, 0x00000000e0e00000, 0x0000000100000000)
  eden space 104448K, 100% used [0x00000000d5c00000,0x00000000dc200000,0x00000000dc200000)
  from space 33792K, 34% used [0x00000000ded00000,0x00000000df870b90,0x00000000e0e00000)
  to   space 38912K, 0% used [0x00000000dc200000,0x00000000dc200000,0x00000000de800000)
 ParOldGen       total 120320K, used 66186K [0x0000000081400000, 0x0000000088980000, 0x00000000d5c00000)
  object space 120320K, 55% used [0x0000000081400000,0x00000000854a29f8,0x0000000088980000)
 Metaspace       used 66490K, capacity 67661K, committed 67928K, reserved 1110016K
  class space    used 7734K, capacity 8026K, committed 8064K, reserved 1048576K
Event: 15.850 GC heap after
Heap after GC invocations=16 (full 3):
 PSYoungGen      total 143360K, used 14379K [0x00000000d5c00000, 0x00000000e1c00000, 0x0000000100000000)
  eden space 104448K, 0% used [0x00000000d5c00000,0x00000000d5c00000,0x00000000dc200000)
  from space 38912K, 36% used [0x00000000dc200000,0x00000000dd00afc8,0x00000000de800000)
  to   space 37376K, 0% used [0x00000000df780000,0x00000000df780000,0x00000000e1c00000)
 ParOldGen       total 120320K, used 66194K [0x0000000081400000, 0x0000000088980000, 0x00000000d5c00000)
  object space 120320K, 55% used [0x0000000081400000,0x00000000854a49f8,0x0000000088980000)
 Metaspace       used 66490K, capacity 67661K, committed 67928K, reserved 1110016K
  class space    used 7734K, capacity 8026K, committed 8064K, reserved 1048576K
}

Deoptimization events (10 events):
Event: 15.548 Thread 0x0000000003172800 Uncommon trap: reason=bimorphic action=maybe_recompile pc=0x0000000005e17f90 method=org.jetbrains.org.objectweb.asm.ClassReader.readElementValue(Lorg/jetbrains/org/objectweb/asm/AnnotationVisitor;ILjava/lang/String;[C)I @ 556
Event: 15.567 Thread 0x0000000003172800 Uncommon trap: reason=bimorphic action=maybe_recompile pc=0x00000000042b9e04 method=org.jetbrains.kotlin.com.intellij.psi.impl.source.tree.SharedImplUtil.getParent(Lorg/jetbrains/kotlin/com/intellij/lang/ASTNode;)Lorg/jetbrains/kotlin/com/intellij/psi/Psi
Event: 15.569 Thread 0x0000000003172800 Uncommon trap: reason=bimorphic action=maybe_recompile pc=0x00000000042b9e04 method=org.jetbrains.kotlin.com.intellij.psi.impl.source.tree.SharedImplUtil.getParent(Lorg/jetbrains/kotlin/com/intellij/lang/ASTNode;)Lorg/jetbrains/kotlin/com/intellij/psi/Psi
Event: 15.573 Thread 0x0000000003172800 Uncommon trap: reason=bimorphic action=maybe_recompile pc=0x00000000042b9e04 method=org.jetbrains.kotlin.com.intellij.psi.impl.source.tree.SharedImplUtil.getParent(Lorg/jetbrains/kotlin/com/intellij/lang/ASTNode;)Lorg/jetbrains/kotlin/com/intellij/psi/Psi
Event: 15.575 Thread 0x0000000003172800 Uncommon trap: reason=bimorphic action=maybe_recompile pc=0x00000000042b9e04 method=org.jetbrains.kotlin.com.intellij.psi.impl.source.tree.SharedImplUtil.getParent(Lorg/jetbrains/kotlin/com/intellij/lang/ASTNode;)Lorg/jetbrains/kotlin/com/intellij/psi/Psi
Event: 15.705 Thread 0x0000000003172800 Uncommon trap: reason=unstable_if action=reinterpret pc=0x000000000338ae00 method=java.lang.CharacterData.of(I)Ljava/lang/CharacterData; @ 4
Event: 16.007 Thread 0x0000000003172800 Uncommon trap: reason=class_check action=maybe_recompile pc=0x00000000060a57cc method=org.jetbrains.org.objectweb.asm.ClassReader.readField(Lorg/jetbrains/org/objectweb/asm/ClassVisitor;Lorg/jetbrains/org/objectweb/asm/Context;I)I @ 391
Event: 16.007 Thread 0x0000000003172800 Uncommon trap: reason=class_check action=maybe_recompile pc=0x00000000060a57cc method=org.jetbrains.org.objectweb.asm.ClassReader.readField(Lorg/jetbrains/org/objectweb/asm/ClassVisitor;Lorg/jetbrains/org/objectweb/asm/Context;I)I @ 391
Event: 16.007 Thread 0x0000000003172800 Uncommon trap: reason=class_check action=maybe_recompile pc=0x00000000060a57cc method=org.jetbrains.org.objectweb.asm.ClassReader.readField(Lorg/jetbrains/org/objectweb/asm/ClassVisitor;Lorg/jetbrains/org/objectweb/asm/Context;I)I @ 391
Event: 16.007 Thread 0x0000000003172800 Uncommon trap: reason=class_check action=maybe_recompile pc=0x00000000060a57cc method=org.jetbrains.org.objectweb.asm.ClassReader.readField(Lorg/jetbrains/org/objectweb/asm/ClassVisitor;Lorg/jetbrains/org/objectweb/asm/Context;I)I @ 391

Classes redefined (0 events):
No events

Internal exceptions (10 events):
Event: 13.165 Thread 0x0000000003172800 Implicit null exception at 0x0000000004049451 to 0x0000000004049a01
Event: 13.165 Thread 0x0000000003172800 Implicit null exception at 0x0000000004425060 to 0x0000000004425649
Event: 13.165 Thread 0x0000000003172800 Implicit null exception at 0x0000000004649ab8 to 0x0000000004649ff5
Event: 13.165 Thread 0x0000000003172800 Implicit null exception at 0x0000000004b779a0 to 0x0000000004b77ee1
Event: 13.165 Thread 0x0000000003172800 Implicit null exception at 0x0000000003b2061b to 0x0000000003b20a1d
Event: 13.165 Thread 0x0000000003172800 Implicit null exception at 0x00000000037d7395 to 0x00000000037d7559
Event: 13.411 Thread 0x0000000003172800 Exception <a 'java/lang/NoSuchMethodError': java.lang.Object.lambda$static$0(Lorg/jetbrains/kotlin/descriptors/ValueParameterDescriptor;Lorg/jetbrains/kotlin/codegen/ExpressionCodegen;)Lorg/jetbrains/kotlin/codegen/StackValue;> (0x00000000d8cb0a70) thrown
Event: 14.089 Thread 0x0000000003172800 Implicit null exception at 0x0000000005c0d812 to 0x0000000005c0db71
Event: 15.004 Thread 0x0000000003172800 Implicit null exception at 0x000000000369a214 to 0x000000000369a449
Event: 15.005 Thread 0x0000000003172800 Implicit null exception at 0x000000000375b22f to 0x000000000375b299

Events (10 events):
Event: 16.068 Thread 0x0000000003172800 DEOPT PACKING pc=0x000000000516fcbb sp=0x000000000316d790
Event: 16.068 Thread 0x0000000003172800 DEOPT UNPACKING pc=0x00000000032b75d0 sp=0x000000000316d630 mode 0
Event: 16.072 Thread 0x0000000003172800 DEOPT PACKING pc=0x000000000516fcbb sp=0x000000000316d790
Event: 16.072 Thread 0x0000000003172800 DEOPT UNPACKING pc=0x00000000032b75d0 sp=0x000000000316d630 mode 0
Event: 16.080 Thread 0x0000000003172800 DEOPT PACKING pc=0x000000000516fcbb sp=0x000000000316db70
Event: 16.080 Thread 0x0000000003172800 DEOPT UNPACKING pc=0x00000000032b75d0 sp=0x000000000316da10 mode 0
Event: 16.093 Thread 0x0000000003172800 DEOPT PACKING pc=0x000000000516fcbb sp=0x000000000316d790
Event: 16.093 Thread 0x0000000003172800 DEOPT UNPACKING pc=0x00000000032b75d0 sp=0x000000000316d630 mode 0
Event: 16.097 Thread 0x0000000003172800 DEOPT PACKING pc=0x000000000516fcbb sp=0x000000000316d790
Event: 16.097 Thread 0x0000000003172800 DEOPT UNPACKING pc=0x00000000032b75d0 sp=0x000000000316d630 mode 0


Dynamic libraries:
0x00007ff6bdd90000 - 0x00007ff6bddc1000 	C:\Program Files\Android\Android Studio\jre\jre\bin\java.exe
0x00007ff9c7cb0000 - 0x00007ff9c7ea6000 	C:\WINDOWS\SYSTEM32\ntdll.dll
0x00007ff9c7050000 - 0x00007ff9c710d000 	C:\WINDOWS\System32\KERNEL32.DLL
0x00007ff9c5430000 - 0x00007ff9c56f8000 	C:\WINDOWS\System32\KERNELBASE.dll
0x00007ff9c6ac0000 - 0x00007ff9c6b6a000 	C:\WINDOWS\System32\ADVAPI32.dll
0x00007ff9c6a20000 - 0x00007ff9c6abe000 	C:\WINDOWS\System32\msvcrt.dll
0x00007ff9c7b10000 - 0x00007ff9c7bab000 	C:\WINDOWS\System32\sechost.dll
0x00007ff9c79e0000 - 0x00007ff9c7b04000 	C:\WINDOWS\System32\RPCRT4.dll
0x00007ff9c5f60000 - 0x00007ff9c6100000 	C:\WINDOWS\System32\USER32.dll
0x00007ff9c5700000 - 0x00007ff9c5722000 	C:\WINDOWS\System32\win32u.dll
0x00007ff9c7c10000 - 0x00007ff9c7c3a000 	C:\WINDOWS\System32\GDI32.dll
0x00007ff9c5730000 - 0x00007ff9c5839000 	C:\WINDOWS\System32\gdi32full.dll
0x00007ff9c5a10000 - 0x00007ff9c5aad000 	C:\WINDOWS\System32\msvcp_win.dll
0x00007ff9c58c0000 - 0x00007ff9c59c0000 	C:\WINDOWS\System32\ucrtbase.dll
0x00007ff9b2450000 - 0x00007ff9b26eb000 	C:\WINDOWS\WinSxS\amd64_microsoft.windows.common-controls_6595b64144ccf1df_6.0.19041.488_none_ca04af081b815d21\COMCTL32.dll
0x00007ff9c7c40000 - 0x00007ff9c7c70000 	C:\WINDOWS\System32\IMM32.DLL
0x0000000065580000 - 0x0000000065652000 	C:\Program Files\Android\Android Studio\jre\jre\bin\msvcr100.dll
0x0000000065740000 - 0x0000000065f8b000 	C:\Program Files\Android\Android Studio\jre\jre\bin\server\jvm.dll
0x00007ff9c61b0000 - 0x00007ff9c61b8000 	C:\WINDOWS\System32\PSAPI.DLL
0x00007ff9b1e20000 - 0x00007ff9b1e29000 	C:\WINDOWS\SYSTEM32\WSOCK32.dll
0x00007ff9b52a0000 - 0x00007ff9b52c7000 	C:\WINDOWS\SYSTEM32\WINMM.dll
0x00007ff9ba4e0000 - 0x00007ff9ba4ea000 	C:\WINDOWS\SYSTEM32\VERSION.dll
0x00007ff9c6fe0000 - 0x00007ff9c704b000 	C:\WINDOWS\System32\WS2_32.dll
0x00007ff9b75f0000 - 0x00007ff9b75ff000 	C:\Program Files\Android\Android Studio\jre\jre\bin\verify.dll
0x00007ff9b0f20000 - 0x00007ff9b0f49000 	C:\Program Files\Android\Android Studio\jre\jre\bin\java.dll
0x00007ff9b69b0000 - 0x00007ff9b69c6000 	C:\Program Files\Android\Android Studio\jre\jre\bin\zip.dll
0x00007ff9c7190000 - 0x00007ff9c78d0000 	C:\WINDOWS\System32\SHELL32.dll
0x00007ff9c3550000 - 0x00007ff9c3ce4000 	C:\WINDOWS\SYSTEM32\windows.storage.dll
0x00007ff9c66c0000 - 0x00007ff9c6a15000 	C:\WINDOWS\System32\combase.dll
0x00007ff9c4e70000 - 0x00007ff9c4e9c000 	C:\WINDOWS\SYSTEM32\Wldp.dll
0x00007ff9c6100000 - 0x00007ff9c61ae000 	C:\WINDOWS\System32\SHCORE.dll
0x00007ff9c7bb0000 - 0x00007ff9c7c05000 	C:\WINDOWS\System32\shlwapi.dll
0x00007ff9c5330000 - 0x00007ff9c5356000 	C:\WINDOWS\SYSTEM32\profapi.dll
0x00007ff9b3d20000 - 0x00007ff9b3d3a000 	C:\Program Files\Android\Android Studio\jre\jre\bin\net.dll
0x00007ff9c4bf0000 - 0x00007ff9c4c5a000 	C:\WINDOWS\system32\mswsock.dll
0x00007ff9b3c40000 - 0x00007ff9b3c53000 	C:\Program Files\Android\Android Studio\jre\jre\bin\nio.dll

VM Arguments:
java_command: org.jetbrains.kotlin.cli.jvm.K2JVMCompiler @C:\github_placepic\placepic_android\app\build\20201026_2281446945215692541.compiler.options
java_class_path (initial): C:\Users\kimdahye\.gradle\caches\modules-2\files-2.1\org.jetbrains.kotlin\kotlin-compiler-embeddable\1.4.10\38c4b99d5d5362debdd9302a866730379aa2328a\kotlin-compiler-embeddable-1.4.10.jar;C:\Users\kimdahye\.gradle\caches\modules-2\files-2.1\org.jetbrains.kotlin\kotlin-reflect\1.4.10\e2b3c6695eee6085e606d96d685396dce23a3a06\kotlin-reflect-1.4.10.jar;C:\Users\kimdahye\.gradle\caches\modules-2\files-2.1\org.jetbrains.kotlin\kotlin-stdlib\1.4.10\ea29e063d2bbe695be13e9d044dcfb0c7add398e\kotlin-stdlib-1.4.10.jar;C:\Users\kimdahye\.gradle\caches\modules-2\files-2.1\org.jetbrains.kotlin\kotlin-script-runtime\1.4.10\7c19d9c2001e016cd7664cebe9eea66fc04a7f4f\kotlin-script-runtime-1.4.10.jar;C:\Users\kimdahye\.gradle\caches\modules-2\files-2.1\org.jetbrains.kotlin\kotlin-daemon-embeddable\1.4.10\dbd67f42bed28043d17d7c860b06110a00a45970\kotlin-daemon-embeddable-1.4.10.jar;C:\Users\kimdahye\.gradle\caches\modules-2\files-2.1\org.jetbrains.intellij.deps\trove4j\1.0.20181211\216c2e14b070f334479d800987affe4054cd563f\trove4j-1.0.20181211.jar;C:\Users\kimdahye\.gradle\caches\modules-2\files-2.1\org.jetbrains.kotlin\kotlin-stdlib-common\1.4.10\6229be3465805c99db1142ad75e6c6ddeac0b04c\kotlin-stdlib-common-1.4.10.jar;C:\Users\kimdahye\.gradle\caches\modules-2\files-2.1\org.jetbrains\annotations\13.0\919f0dfe192fb4e063e7dacadee7f8bb9a2672a9\annotations-13.0.jar;C:\Program Files\Android\Android Studio\jre\lib\tools.jar
Launcher Type: SUN_STANDARD

Environment Variables:
PATH=C:\Program Files (x86)\Common Files\Oracle\Java\javapath;C:\oraclexe\app\oracle\product\11.2.0\server\bin;"C:\Users\%UserName\AppData\Local\Programs\Python\Python36\Scripts\;";C:\Program Files\Intel\Intel(R) Management Engine Components\iCLS\;C:\WINDOWS\system32;C:\WINDOWS;C:\WINDOWS\System32\Wbem;C:\WINDOWS\System32\WindowsPowerShell\v1.0\;C:\WINDOWS\System32\OpenSSH\;C:\Program Files (x86)\Intel\Intel(R) Management Engine Components\DAL;C:\Program Files\Intel\Intel(R) Management Engine Components\DAL;C:\Program Files (x86)\Intel\Intel(R) Management Engine Components\IPT;C:\Program Files\Intel\Intel(R) Management Engine Components\IPT;C:\Program Files\Intel\WiFi\bin\;C:\Program Files\Common Files\Intel\WirelessCommon\;c:\Program Files (x86)\Microsoft SQL Server\100\Tools\Binn\;c:\Program Files\Microsoft SQL Server\100\Tools\Binn\;c:\Program Files\Microsoft SQL Server\100\DTS\Binn\;C:\Program Files (x86)\PuTTY\;C:\Program Files\Git\cmd;C:\Users\kimdahye\AppData\Local\Microsoft\WindowsApps;
USERNAME=kimdahye
OS=Windows_NT
PROCESSOR_IDENTIFIER=Intel64 Family 6 Model 142 Stepping 10, GenuineIntel



---------------  S Y S T E M  ---------------

OS: Windows 10.0 , 64 bit Build 19041 (10.0.19041.546)

CPU:total 8 (initial active 8) (4 cores per cpu, 2 threads per core) family 6 model 142 stepping 10, cmov, cx8, fxsr, mmx, sse, sse2, sse3, ssse3, sse4.1, sse4.2, popcnt, avx, avx2, aes, clmul, erms, 3dnowpref, lzcnt, ht, tsc, tscinvbit, bmi1, bmi2, adx

Memory: 4k page, physical 8301852k(903604k free), swap 20428868k(5140k free)

vm_info: OpenJDK 64-Bit Server VM (25.242-b01) for windows-amd64 JRE (1.8.0_242-release-1644-b01), built by "builder" with MS VC++ 10.0 (VS2010)

time: Mon Oct 26 15:13:53 2020
timezone: 대한민국 표준시
elapsed time: 16 seconds (0d 0h 0m 16s)

